<?xml version="1.0" encoding="UTF-8"?>
<!-- Generated by org.testng.reporters.JUnitXMLReporter -->
<testsuite ignored="0" hostname="DESKTOP-VAQKFJ2" failures="0" tests="3" name="Default test" time="17.859" errors="0" timestamp="2024-01-04T15:49:08 IST">
  <testcase classname="qa.test.TC_01_VerifyUserAbleToOrderTheProduct" name="orderPlace" time="3.366"/>
  <testcase classname="qa.test.TC_01_VerifyUserAbleToOrderTheProduct" name="orderPlace" time="3.393"/>
  <testcase classname="qa.test.TC_01_VerifyUserAbleToOrderTheProduct" name="verifyOrderMenuList" time="0.912"/>
</testsuite> <!-- Default test -->
