<?xml version="1.0" encoding="UTF-8"?>
<!-- Generated by org.testng.reporters.JUnitXMLReporter -->
<testsuite ignored="0" hostname="DESKTOP-VAQKFJ2" failures="0" tests="2" name="ErrorHanding" time="5.751" errors="0" timestamp="06 Jan 2024 08:19:33 GMT">
  <testcase classname="qa.tests.TC_02_VerifyErrorDisplayed" name="verifyLoginErrorMessage" time="0.519">
    <skipped/>
  </testcase> <!-- verifyLoginErrorMessage -->
  <testcase classname="qa.tests.TC_02_VerifyErrorDisplayed" name="verifyLoginErrorMessage" time="0.448"/>
</testsuite> <!-- ErrorHanding -->
