<?xml version="1.0" encoding="UTF-8"?>
<!-- Generated by org.testng.reporters.JUnitXMLReporter -->
<testsuite ignored="0" hostname="DESKTOP-VAQKFJ2" failures="0" tests="3" name="PurchaseOrder" time="13.178" errors="0" timestamp="06 Jan 2024 08:19:41 GMT">
  <testcase classname="qa.tests.TC_01_VerifyUserAbleToOrderTheProduct" name="orderPlace" time="3.225"/>
  <testcase classname="qa.tests.TC_01_VerifyUserAbleToOrderTheProduct" name="orderPlace" time="2.873"/>
  <testcase classname="qa.tests.TC_01_VerifyUserAbleToOrderTheProduct" name="verifyOrderMenuList" time="0.612"/>
</testsuite> <!-- PurchaseOrder -->
