<?xml version="1.0" encoding="UTF-8"?>
<!-- Generated by org.testng.reporters.JUnitXMLReporter -->
<testsuite ignored="2" hostname="DESKTOP-VAQKFJ2" failures="0" tests="1" name="Test" time="6.997" errors="0" timestamp="05 Jan 2024 12:09:30 GMT">
  <testcase classname="qa.tests.TC_02_VerifyErrorDisplayed" name="verifyLoginErrorMessage" time="0.537"/>
  <testcase classname="qa.tests.TC_01_VerifyUserAbleToOrderTheProduct" name="orderPlace" time="0.0">
    <ignored/>
  </testcase> <!-- orderPlace -->
  <testcase classname="qa.tests.TC_01_VerifyUserAbleToOrderTheProduct" name="verifyOrderMenuList" time="0.0">
    <ignored/>
  </testcase> <!-- verifyOrderMenuList -->
</testsuite> <!-- Test -->
