<?xml version="1.0" encoding="UTF-8"?>
<!-- Generated by org.testng.reporters.JUnitXMLReporter -->
<testsuite ignored="0" hostname="DESKTOP-VAQKFJ2" failures="1" tests="2" name="ErrorHanding" time="10.303" errors="0" timestamp="06 Jan 2024 14:04:14 GMT">
  <testcase classname="qa.tests.TC_02_VerifyErrorDisplayed" name="verifyLoginErrorMessage" time="0.487">
    <skipped/>
  </testcase> <!-- verifyLoginErrorMessage -->
  <testcase classname="qa.tests.TC_02_VerifyErrorDisplayed" name="verifyLoginErrorMessage" time="0.427">
    <failure type="java.lang.AssertionError" message="expected [Incorrect email or password.] but found []">
      <![CDATA[java.lang.AssertionError: expected [Incorrect email or password.] but found []
at qa.tests.TC_02_VerifyErrorDisplayed.verifyLoginErrorMessage(TC_02_VerifyErrorDisplayed.java:17)
at java.base/java.util.concurrent.FutureTask.run(FutureTask.java:264)
at java.base/java.util.concurrent.ThreadPoolExecutor.runWorker(ThreadPoolExecutor.java:1128)
at java.base/java.util.concurrent.ThreadPoolExecutor$Worker.run(ThreadPoolExecutor.java:628)
at java.base/java.lang.Thread.run(Thread.java:834)
... Removed 22 stack frames]]>
    </failure>
  </testcase> <!-- verifyLoginErrorMessage -->
</testsuite> <!-- ErrorHanding -->
