<?xml version="1.0" encoding="UTF-8"?>
<!-- Generated by org.testng.reporters.JUnitXMLReporter -->
<testsuite ignored="0" hostname="DESKTOP-VAQKFJ2" failures="0" tests="4" name="Test" time="27.329" errors="0" timestamp="06 Jan 2024 05:59:57 GMT">
  <testcase classname="qa.tests.TC_01_VerifyUserAbleToOrderTheProduct" name="orderPlace" time="4.317"/>
  <testcase classname="qa.tests.TC_01_VerifyUserAbleToOrderTheProduct" name="orderPlace" time="3.781"/>
  <testcase classname="qa.tests.TC_02_VerifyErrorDisplayed" name="verifyLoginErrorMessage" time="0.956"/>
  <testcase classname="qa.tests.TC_01_VerifyUserAbleToOrderTheProduct" name="verifyOrderMenuList" time="1.026"/>
</testsuite> <!-- Test -->
