<?xml version="1.0" encoding="UTF-8"?>
<testsuite xmlns:xsi="http://www.w3.org/2001/XMLSchema-instance" xsi:noNamespaceSchemaLocation="https://maven.apache.org/surefire/maven-surefire-plugin/xsd/surefire-test-report-3.0.xsd" version="3.0" name="TestSuite" time="17.584" tests="5" errors="0" skipped="1" failures="1">
  <properties>
[...]
</properties>
  <testcase name="verifyLoginErrorMessage" classname="qa.tests.TC_02_VerifyErrorDisplayed" time="0.0">
    <skipped message="expected [Incorrect email or password.] but found []"/>
    <system-out><![CDATA[[TestNGContentHandler] [WARN] It is strongly recommended to add "<!DOCTYPE suite SYSTEM "http://testng.org/testng-1.0.dtd" >" at the top of your file, otherwise TestNG may fail or not work as expected.

]]></system-out>
  </testcase>
  <testcase name="verifyLoginErrorMessage" classname="qa.tests.TC_02_VerifyErrorDisplayed" time="0.431">
    <failure message="expected [Incorrect email or password.] but found []" type="java.lang.AssertionError"><![CDATA[java.lang.AssertionError: expected [Incorrect email or password.] but found []
	at org.testng.Assert.fail(Assert.java:96)
	at org.testng.Assert.failNotEquals(Assert.java:776)
	at org.testng.Assert.assertEqualsImpl(Assert.java:137)
	at org.testng.Assert.assertEquals(Assert.java:118)
	at org.testng.Assert.assertEquals(Assert.java:453)
	at org.testng.Assert.assertEquals(Assert.java:463)
	at qa.tests.TC_02_VerifyErrorDisplayed.verifyLoginErrorMessage(TC_02_VerifyErrorDisplayed.java:17)
	at java.base/jdk.internal.reflect.NativeMethodAccessorImpl.invoke0(Native Method)
	at java.base/jdk.internal.reflect.NativeMethodAccessorImpl.invoke(NativeMethodAccessorImpl.java:62)
	at java.base/jdk.internal.reflect.DelegatingMethodAccessorImpl.invoke(DelegatingMethodAccessorImpl.java:43)
	at java.base/java.lang.reflect.Method.invoke(Method.java:566)
	at org.testng.internal.MethodInvocationHelper.invokeMethod(MethodInvocationHelper.java:124)
	at org.testng.internal.Invoker.invokeMethod(Invoker.java:583)
	at org.testng.internal.Invoker.retryFailed(Invoker.java:839)
	at org.testng.internal.Invoker.invokeTestMethods(Invoker.java:1010)
	at org.testng.internal.TestMethodWorker.invokeTestMethods(TestMethodWorker.java:125)
	at org.testng.internal.TestMethodWorker.run(TestMethodWorker.java:109)
	at org.testng.TestRunner.privateRun(TestRunner.java:648)
	at org.testng.TestRunner.run(TestRunner.java:505)
	at org.testng.SuiteRunner.runTest(SuiteRunner.java:455)
	at org.testng.SuiteRunner.access$000(SuiteRunner.java:40)
	at org.testng.SuiteRunner$SuiteWorker.run(SuiteRunner.java:489)
	at org.testng.internal.thread.ThreadUtil$1.call(ThreadUtil.java:52)
	at java.base/java.util.concurrent.FutureTask.run(FutureTask.java:264)
	at java.base/java.util.concurrent.ThreadPoolExecutor.runWorker(ThreadPoolExecutor.java:1128)
	at java.base/java.util.concurrent.ThreadPoolExecutor$Worker.run(ThreadPoolExecutor.java:628)
	at java.base/java.lang.Thread.run(Thread.java:834)
]]></failure>
    <system-out><![CDATA[
]]></system-out>
  </testcase>
  <testcase name="orderPlace[{password=Sk@123456789, email=sagar95kumbhar@gmail.com, productName=ADIDAS ORIGINAL}](1)" classname="qa.tests.TC_01_VerifyUserAbleToOrderTheProduct" time="0.523">
    <system-out><![CDATA[Order placed!!!!!!!!!!!!
]]></system-out>
  </testcase>
  <testcase name="orderPlace[{password=Sv@123456789, email=suraj0707@gmail.com, productName=IPHONE 13 PRO}](2)" classname="qa.tests.TC_01_VerifyUserAbleToOrderTheProduct" time="2.88">
    <system-out><![CDATA[Order placed!!!!!!!!!!!!
]]></system-out>
  </testcase>
  <testcase name="verifyOrderMenuList" classname="qa.tests.TC_01_VerifyUserAbleToOrderTheProduct" time="0.511">
    <system-out><![CDATA[true
]]></system-out>
  </testcase>
</testsuite>